[10:44:23] [main/WARN]: Ambiguity between arguments [teleport, destination] and [teleport, targets] with inputs: [Player, 0123, @e, dd12be42-52a9-4a91-a8a1-11c01849e498]
[10:44:23] [main/WARN]: Ambiguity between arguments [teleport, location] and [teleport, destination] with inputs: [0.1 -0.5 .9, 0 0 0]
[10:44:23] [main/WARN]: Ambiguity between arguments [teleport, location] and [teleport, targets] with inputs: [0.1 -0.5 .9, 0 0 0]
[10:44:23] [main/WARN]: Ambiguity between arguments [teleport, targets] and [teleport, destination] with inputs: [Player, 0123, dd12be42-52a9-4a91-a8a1-11c01849e498]
[10:44:23] [main/WARN]: Ambiguity between arguments [teleport, targets, location] and [teleport, targets, destination] with inputs: [0.1 -0.5 .9, 0 0 0]
[10:44:23] [Server thread/INFO]: Starting minecraft server version 1.14.4
[10:44:23] [Server thread/WARN]: To start the server with more ram, launch it as "java -Xmx1024M -Xms1024M -jar minecraft_server.jar"
[10:44:23] [Server thread/INFO]: Loading properties
[10:44:23] [Server thread/INFO]: Default game type: SURVIVAL
[10:44:23] [Server thread/INFO]: Generating keypair
[10:44:23] [Server thread/INFO]: Starting Minecraft server on *:25565
[10:44:23] [Server thread/INFO]: Using default channel type
[10:44:23] [Server thread/INFO]: Preparing level "world"
[10:44:23] [Server thread/INFO]: Reloading ResourceManager: Default, custom, bukkit
[10:44:24] [Server thread/INFO]: Loaded 6 recipes
[10:44:24] [Server thread/INFO]: Loaded 5 custom command functions
[10:44:24] [Server thread/INFO]: Loaded 811 advancements
[10:44:24] [Server thread/INFO]: Preparing start region for dimension minecraft:overworld
[10:44:25] [Server thread/INFO]: Preparing spawn area: 0%
[10:44:25] [Server thread/INFO]: Preparing spawn area: 0%
[10:44:26] [Server-Worker-2/INFO]: Preparing spawn area: 0%
[10:44:26] [Server-Worker-2/INFO]: Preparing spawn area: 0%
[10:44:26] [Server-Worker-3/INFO]: Preparing spawn area: 0%
[10:44:27] [Server thread/INFO]: Time elapsed: 2377 ms
[10:44:27] [Server thread/INFO]: Done (3.310s)! For help, type "help"
[10:44:27] [Server thread/INFO]: Starting GS4 status listener
[10:44:27] [Query Listener #1/INFO]: Query running on 0.0.0.0:25565
[10:44:32] [User Authenticator #1/INFO]: UUID of player EatMyVenom is 5ec59f35-7284-4dd6-ad0f-5e88abf176a8
[10:44:32] [Server thread/INFO]: EatMyVenom[/127.0.0.1:60733] logged in with entity id 272 at (52.660469888995316, 11.0, 188.53452514650166)
[10:44:32] [Server thread/INFO]: EatMyVenom joined the game
[10:45:27] [Server thread/INFO]: [EatMyVenom: Set own game mode to Creative Mode]
[10:45:29] [Server thread/INFO]: [EatMyVenom: Set own game mode to Spectator Mode]
[10:45:40] [Server thread/INFO]: [EatMyVenom: Set own game mode to Creative Mode]
[10:46:03] [Server thread/INFO]: [EatMyVenom: Teleported EatMyVenom to 603.5, 63.0, 395.5]
[10:46:12] [Server thread/INFO]: [EatMyVenom: Teleported EatMyVenom to 915.5, 63.0, 411.5]
[10:46:12] [Server thread/WARN]: EatMyVenom moved too quickly! 312.0,5.2862691443173375,16.0
[10:46:18] [Server thread/INFO]: [EatMyVenom: Teleported EatMyVenom to 776.5, 63.0, 711.5]
[10:46:27] [Server thread/INFO]: [EatMyVenom: Teleported EatMyVenom to 450.5, 63.0, 710.5]
[10:46:42] [Server thread/INFO]: [EatMyVenom: Teleported EatMyVenom to 143.5, 63.0, 616.5]
[10:47:02] [Server thread/INFO]: [EatMyVenom: Teleported EatMyVenom to 143.5, 63.0, 653.5]
[10:47:10] [Server thread/INFO]: [EatMyVenom: Teleported EatMyVenom to 149.5, 63.0, 717.5]
[10:47:22] [Server thread/INFO]: [EatMyVenom: Teleported EatMyVenom to -128.5, 63.0, 705.5]
[10:47:35] [Server thread/INFO]: [EatMyVenom: Teleported EatMyVenom to -450.5, 66.0, 391.5]
[10:47:35] [Server thread/WARN]: EatMyVenom moved too quickly! -322.0,10.43626927246708,-314.0
[10:48:09] [Server thread/INFO]: [EatMyVenom: Teleported EatMyVenom to -487.5, 63.0, 689.5]
[10:48:09] [Server thread/WARN]: EatMyVenom moved too quickly! -37.0,-3.0,298.0
[10:48:23] [Server thread/INFO]: [EatMyVenom: Teleported EatMyVenom to 718.5, 63.0, 71.5]
[10:48:37] [Server thread/INFO]: [EatMyVenom: Teleported EatMyVenom to -202.5, 67.0, -178.5]
[10:48:37] [Server thread/WARN]: EatMyVenom moved too quickly! -921.0,11.886269299289118,-250.0
[10:48:47] [Server thread/INFO]: [EatMyVenom: Teleported EatMyVenom to 89.5, 63.0, -283.5]
[10:48:56] [Server thread/INFO]: [EatMyVenom: Teleported EatMyVenom to 406.5, 63.0, -604.5]
[10:49:13] [Server thread/INFO]: [EatMyVenom: Set the time to 1000]
[10:49:15] [Server thread/WARN]: Can't keep up! Is the server overloaded? Running 2011ms or 40 ticks behind
[10:49:21] [Server thread/INFO]: [EatMyVenom: Teleported EatMyVenom to 685.5, 76.0, -298.5]
[10:49:32] [Server thread/INFO]: [EatMyVenom: Teleported EatMyVenom to 256.5, 63.0, 1038.5]
[10:49:39] [Server thread/INFO]: [EatMyVenom: Teleported EatMyVenom to 195.5, 134.0, 885.5]
[10:49:39] [Server thread/WARN]: EatMyVenom moved too quickly! -61.0,76.20759636194187,-153.0
[10:49:40] [Server thread/WARN]: Can't keep up! Is the server overloaded? Running 9763ms or 195 ticks behind
[10:49:59] [Server thread/INFO]: [EatMyVenom: Teleported EatMyVenom to -478.5, 68.0, -487.5]
[10:49:59] [Server thread/WARN]: EatMyVenom moved too quickly! -673.3009752694235,22.0,-1382.219903421818
[10:50:02] [Server thread/WARN]: Can't keep up! Is the server overloaded? Running 2159ms or 43 ticks behind
[10:50:07] [Server thread/INFO]: [EatMyVenom: Teleported EatMyVenom to -540.5, 75.0, -574.5]
[10:50:09] [Server thread/INFO]: [EatMyVenom: Teleported EatMyVenom to -632.5, 69.0, -645.5]
[10:50:09] [Server thread/WARN]: EatMyVenom moved too quickly! -92.0,-6.0,-71.0
[10:50:11] [Server thread/INFO]: [EatMyVenom: Teleported EatMyVenom to -710.5, 80.0, -706.5]
[10:50:11] [Server thread/WARN]: EatMyVenom moved too quickly! -78.0,11.0,-61.0
[10:50:12] [Server thread/INFO]: [EatMyVenom: Teleported EatMyVenom to -801.5, 67.0, -468.5]
[10:50:15] [Server thread/INFO]: [EatMyVenom: Teleported EatMyVenom to -791.5, 75.0, -382.5]
[10:50:17] [Server thread/INFO]: [EatMyVenom: Teleported EatMyVenom to -784.5, 70.0, -309.5]
[10:50:17] [Server thread/WARN]: EatMyVenom moved too quickly! 7.0,-5.0,73.0
[10:50:18] [Server thread/INFO]: [EatMyVenom: Teleported EatMyVenom to -760.5, 66.0, -196.5]
[10:50:18] [Server thread/WARN]: EatMyVenom moved too quickly! 24.0,-4.0,113.0
[10:50:21] [Server thread/INFO]: [EatMyVenom: Teleported EatMyVenom to -802.5, 66.0, -132.5]
[10:50:22] [Server thread/WARN]: Can't keep up! Is the server overloaded? Running 2163ms or 43 ticks behind
[10:50:25] [Server thread/INFO]: [EatMyVenom: Teleported EatMyVenom to -766.5, 88.0, 71.5]
[10:50:33] [Server thread/INFO]: [EatMyVenom: Teleported EatMyVenom to -596.5, 114.0, -111.5]
[10:50:35] [Server thread/INFO]: [EatMyVenom: Teleported EatMyVenom to -514.5, 64.0, -263.5]
[10:50:40] [Server thread/WARN]: Can't keep up! Is the server overloaded? Running 2077ms or 41 ticks behind
[10:50:41] [Server thread/INFO]: [EatMyVenom: Teleported EatMyVenom to -166.5, 71.0, -173.5]
[10:50:41] [Server thread/WARN]: EatMyVenom moved too quickly! 348.0,7.0,90.0
[10:50:43] [Server thread/INFO]: [EatMyVenom: Teleported EatMyVenom to -516.5, 64.0, -428.5]
[10:50:52] [Server thread/INFO]: [EatMyVenom: Teleported EatMyVenom to -613.5, 67.0, -224.5]
[10:50:56] [Server thread/INFO]: [EatMyVenom: Teleported EatMyVenom to -215.5, 63.0, -707.5]
[10:50:58] [Server thread/WARN]: Can't keep up! Is the server overloaded? Running 2032ms or 40 ticks behind
[10:51:17] [Server thread/INFO]: [EatMyVenom: Teleported EatMyVenom to -322.5, 63.0, -710.5]
[10:51:18] [Server thread/WARN]: Can't keep up! Is the server overloaded? Running 2019ms or 40 ticks behind
[10:51:22] [Server thread/INFO]: [EatMyVenom: Teleported EatMyVenom to -453.5, 63.0, -818.5]
[10:51:22] [Server thread/WARN]: EatMyVenom moved too quickly! -131.0,5.807596455748794,-108.0
[10:51:22] [Server thread/WARN]: EatMyVenom moved too quickly! -131.0,5.807596455748794,-108.0
[10:51:33] [Server thread/INFO]: [EatMyVenom: Teleported EatMyVenom to -131.5, 63.0, -717.5]
[10:51:35] [Server thread/WARN]: Can't keep up! Is the server overloaded? Running 2005ms or 40 ticks behind
[10:51:36] [Server thread/INFO]: [EatMyVenom: Teleported EatMyVenom to -336.5, 63.0, -668.5]
[10:51:39] [Server thread/INFO]: [EatMyVenom: Teleported EatMyVenom to -422.5, 63.0, -654.5]
[10:51:41] [Server thread/INFO]: [EatMyVenom: Teleported EatMyVenom to -247.5, 63.0, -571.5]
[10:51:44] [Server thread/INFO]: [EatMyVenom: Teleported EatMyVenom to -405.5, 63.0, -885.5]
[10:51:46] [Server thread/INFO]: [EatMyVenom: Teleported EatMyVenom to -152.5, 63.0, -809.5]
[10:51:48] [Server thread/INFO]: [EatMyVenom: Teleported EatMyVenom to -80.5, 63.0, -740.5]
[10:51:49] [Server thread/INFO]: [EatMyVenom: Teleported EatMyVenom to 102.5, 67.0, -753.5]
[10:51:49] [Server thread/WARN]: EatMyVenom moved too quickly! 183.0,5.830202839045555,-13.0
[10:51:51] [Server thread/INFO]: [EatMyVenom: Teleported EatMyVenom to 15.5, 63.0, -599.5]
[10:51:51] [Server thread/WARN]: EatMyVenom moved too quickly! -87.0,-4.0,154.0
[10:51:52] [Server thread/INFO]: [EatMyVenom: Teleported EatMyVenom to -57.5, 63.0, -725.5]
[10:51:52] [Server thread/WARN]: Can't keep up! Is the server overloaded? Running 2023ms or 40 ticks behind
[10:51:54] [Server thread/INFO]: [EatMyVenom: Teleported EatMyVenom to 69.5, 63.0, -726.5]
[10:51:56] [Server thread/INFO]: [EatMyVenom: Teleported EatMyVenom to -239.5, 63.0, -909.5]
[10:51:56] [Server thread/WARN]: EatMyVenom moved too quickly! -309.0,1.984678755856919,-183.0
[10:51:58] [Server thread/INFO]: [EatMyVenom: Teleported EatMyVenom to -379.5, 63.0, -891.5]
[10:52:00] [Server thread/INFO]: [EatMyVenom: Teleported EatMyVenom to -459.5, 63.0, -1002.5]
[10:52:02] [Server thread/INFO]: [EatMyVenom: Teleported EatMyVenom to -636.5, 63.0, -921.5]
[10:52:02] [Server thread/WARN]: EatMyVenom moved too quickly! -177.0,2.486250643756051,81.0
[10:52:04] [Server thread/INFO]: [EatMyVenom: Teleported EatMyVenom to -604.5, 63.0, -1040.5]
[10:52:04] [Server thread/WARN]: EatMyVenom moved too quickly! 32.0,3.953510194890427,-119.0
[10:52:06] [Server thread/INFO]: [EatMyVenom: Teleported EatMyVenom to -781.5, 63.0, -1028.5]
[10:52:17] [Server thread/INFO]: [EatMyVenom: Teleported EatMyVenom to 688.5, 71.0, -886.5]
[10:52:17] [Server thread/WARN]: EatMyVenom moved too quickly! 1470.0,13.636269165178923,142.0
[10:52:19] [Server thread/INFO]: [EatMyVenom: Teleported EatMyVenom to 494.5, 72.0, -312.5]
[10:52:19] [Server thread/WARN]: EatMyVenom moved too quickly! -194.0,1.0,574.0
[10:52:19] [Server thread/WARN]: Can't keep up! Is the server overloaded? Running 2032ms or 40 ticks behind
[10:52:23] [Server thread/INFO]: [EatMyVenom: Teleported EatMyVenom to -786.5, 63.0, 983.5]
[10:52:23] [Server thread/WARN]: EatMyVenom moved too quickly! -1281.0,-9.0,1296.0
[10:52:32] [Server thread/INFO]: [EatMyVenom: Teleported EatMyVenom to -765.5, 63.0, 689.5]
[10:52:32] [Server thread/WARN]: EatMyVenom moved too quickly! 21.0,5.786269174119603,-294.0
[10:52:36] [Server thread/INFO]: [EatMyVenom: Teleported EatMyVenom to -798.5, 72.0, 481.5]
[10:52:46] [Server thread/INFO]: [EatMyVenom: Teleported EatMyVenom to -426.5, 63.0, 920.5]
[10:52:48] [Server thread/INFO]: [EatMyVenom: Teleported EatMyVenom to -418.5, 63.0, 992.5]
[10:52:48] [Server thread/WARN]: EatMyVenom moved too quickly! 8.0,2.5362572468565148,72.0
[10:52:53] [Server thread/INFO]: [EatMyVenom: Teleported EatMyVenom to -580.5, 63.0, 1007.5]
[10:52:55] [Server thread/INFO]: [EatMyVenom: Teleported EatMyVenom to -183.5, 63.0, 996.5]
[10:53:03] [Server thread/INFO]: [EatMyVenom: Teleported EatMyVenom to 596.5, 63.0, 962.5]
[10:53:03] [Server thread/WARN]: EatMyVenom moved too quickly! 780.0,5.236269141337111,-34.0
[10:53:10] [Server thread/INFO]: [EatMyVenom: Teleported EatMyVenom to 1020.5, 63.0, 985.5]
[10:53:10] [Server thread/WARN]: EatMyVenom moved too quickly! 424.0,4.836269117495249,23.0
[10:53:15] [Server thread/INFO]: [EatMyVenom: Teleported EatMyVenom to 1220.5, 63.0, 92.5]
[10:53:15] [Server thread/WARN]: EatMyVenom moved too quickly! 200.0,3.436269030241,-893.0
[10:53:18] [Server thread/INFO]: [EatMyVenom: Teleported EatMyVenom to 1029.5, 75.0, -179.5]
[10:53:18] [Server thread/WARN]: EatMyVenom moved too quickly! -191.0,14.0,-272.0
[10:53:25] [Server thread/INFO]: [EatMyVenom: Teleported EatMyVenom to 924.5, 70.0, -464.5]
[10:53:33] [Server thread/INFO]: [EatMyVenom: Teleported EatMyVenom to 1004.5, 70.0, -717.5]
[10:53:34] [Server thread/WARN]: Can't keep up! Is the server overloaded? Running 2148ms or 42 ticks behind
[10:53:49] [Server thread/INFO]: [EatMyVenom: Teleported EatMyVenom to 932.5, 64.0, -782.5]
[10:53:58] [Server thread/INFO]: [EatMyVenom: Teleported EatMyVenom to 692.5, 90.0, -790.5]
[10:54:04] [Server thread/WARN]: Can't keep up! Is the server overloaded? Running 14704ms or 294 ticks behind
[10:54:07] [Server thread/INFO]: [EatMyVenom: Teleported EatMyVenom to 490.5, 72.0, -284.5]
[10:54:12] [Server thread/INFO]: [EatMyVenom: Teleported EatMyVenom to 853.5, 65.0, -788.5]
[10:54:24] [Server thread/WARN]: Can't keep up! Is the server overloaded? Running 5199ms or 103 ticks behind
[10:54:32] [Server thread/INFO]: [EatMyVenom: Teleported EatMyVenom to 769.5, 64.0, -770.5]
[10:54:36] [Server thread/INFO]: [EatMyVenom: Teleported EatMyVenom to 728.5, 72.0, -775.5]
[10:54:39] [Server thread/INFO]: [EatMyVenom: Teleported EatMyVenom to 769.5, 69.0, -862.5]
[10:54:41] [Server thread/INFO]: [EatMyVenom: Teleported EatMyVenom to 769.5, 68.0, -696.5]
[10:54:42] [Server thread/INFO]: [EatMyVenom: Teleported EatMyVenom to 818.5, 73.0, -884.5]
[10:54:42] [Server thread/WARN]: Can't keep up! Is the server overloaded? Running 3458ms or 69 ticks behind
[10:54:46] [Server thread/INFO]: [EatMyVenom: Teleported EatMyVenom to 484.5, 70.0, -265.5]
[10:55:22] [Server thread/WARN]: Can't keep up! Is the server overloaded? Running 2304ms or 46 ticks behind
[10:55:45] [Server thread/INFO]: [EatMyVenom: Teleported EatMyVenom to 1608.5, 78.75105953079364, 296.5]
[10:56:04] [Server thread/WARN]: Can't keep up! Is the server overloaded? Running 2087ms or 41 ticks behind
[10:56:06] [Server thread/INFO]: [EatMyVenom: Teleported EatMyVenom to 1597.5, 69.0, 596.5]
[10:56:27] [Server thread/WARN]: Can't keep up! Is the server overloaded? Running 7436ms or 148 ticks behind
[10:56:42] [Server thread/INFO]: [EatMyVenom: Teleported EatMyVenom to 1593.5, 69.0, 758.5]
[10:56:48] [Server thread/WARN]: Can't keep up! Is the server overloaded? Running 6509ms or 130 ticks behind
[10:57:09] [Server thread/WARN]: Can't keep up! Is the server overloaded? Running 5786ms or 115 ticks behind
[10:57:31] [Server thread/WARN]: Can't keep up! Is the server overloaded? Running 6982ms or 139 ticks behind
[10:57:58] [Server thread/WARN]: Can't keep up! Is the server overloaded? Running 11714ms or 234 ticks behind
[10:58:20] [Server thread/INFO]: [EatMyVenom: Teleported EatMyVenom to 1335.5, 63.0, 829.5]
[10:58:27] [Server thread/INFO]: [EatMyVenom: Teleported EatMyVenom to 1284.5, 70.0, 778.5]
[10:58:28] [Server thread/INFO]: [EatMyVenom: Teleported EatMyVenom to 1239.5, 64.0, 728.5]
[10:58:29] [Server thread/WARN]: Can't keep up! Is the server overloaded? Running 16376ms or 327 ticks behind
[10:58:30] [Server thread/INFO]: [EatMyVenom: Teleported EatMyVenom to 1208.5, 65.0, 795.5]
[10:58:42] [Server thread/INFO]: [EatMyVenom: Teleported EatMyVenom to 1173.5, 70.0, 760.5]
[10:58:46] [Server thread/INFO]: [EatMyVenom: Teleported EatMyVenom to 1098.5, 72.0, 765.5]
[10:58:51] [Server thread/WARN]: Can't keep up! Is the server overloaded? Running 7109ms or 142 ticks behind
[10:58:53] [Server thread/INFO]: [EatMyVenom: Teleported EatMyVenom to 1241.5, 71.0, 655.5]
[10:59:11] [Server thread/WARN]: Can't keep up! Is the server overloaded? Running 4650ms or 93 ticks behind
[10:59:18] [Server thread/INFO]: [EatMyVenom: Teleported EatMyVenom to 1270.5, 70.0, 889.5]
[10:59:32] [Server thread/WARN]: Can't keep up! Is the server overloaded? Running 6201ms or 124 ticks behind
[10:59:49] [Server thread/INFO]: [EatMyVenom: Teleported EatMyVenom to 1267.5, 75.0, 508.5]
[10:59:54] [Server thread/WARN]: Can't keep up! Is the server overloaded? Running 7084ms or 141 ticks behind
[10:59:55] [Server thread/INFO]: [EatMyVenom: Teleported EatMyVenom to 1265.5, 78.0, 472.5]
[10:59:57] [Server thread/INFO]: [EatMyVenom: Teleported EatMyVenom to 1272.5, 63.0, 453.5]
[10:59:59] [Server thread/INFO]: [EatMyVenom: Teleported EatMyVenom to 1195.5, 67.0, 508.5]
[11:00:01] [Server thread/INFO]: [EatMyVenom: Teleported EatMyVenom to 1273.5, 63.0, 420.5]
[11:00:02] [Server thread/INFO]: [EatMyVenom: Teleported EatMyVenom to 1274.5, 63.0, 408.5]
[11:00:04] [Server thread/INFO]: [EatMyVenom: Teleported EatMyVenom to 1272.5, 63.0, 390.5]
[11:00:07] [Server thread/INFO]: [EatMyVenom: Teleported EatMyVenom to 1326.5, 63.0, 346.5]
[11:00:09] [Server thread/INFO]: [EatMyVenom: Teleported EatMyVenom to 1242.5, 63.0, 289.5]
[11:00:11] [Server thread/INFO]: [EatMyVenom: Teleported EatMyVenom to 1282.5, 63.0, 222.5]
[11:00:11] [Server thread/WARN]: EatMyVenom moved too quickly! 40.0,0.0,-67.0
[11:00:12] [Server thread/INFO]: [EatMyVenom: Teleported EatMyVenom to 1244.5, 75.0, 176.5]
[11:00:13] [Server thread/WARN]: Can't keep up! Is the server overloaded? Running 3783ms or 75 ticks behind
[11:00:13] [Server thread/INFO]: [EatMyVenom: Teleported EatMyVenom to 1288.5, 63.0, 130.5]
[11:00:13] [Server thread/WARN]: EatMyVenom moved too quickly! 44.0,-12.0,-46.0
[11:00:15] [Server thread/INFO]: [EatMyVenom: Teleported EatMyVenom to 1260.5, 69.0, 88.5]
[11:00:15] [Server thread/WARN]: EatMyVenom moved too quickly! -28.0,6.0,-42.0
[11:00:19] [Server thread/INFO]: [EatMyVenom: Teleported EatMyVenom to 1383.5, 63.0, 295.5]
[11:00:35] [Server thread/WARN]: Can't keep up! Is the server overloaded? Running 7503ms or 150 ticks behind
[11:01:01] [Server thread/WARN]: Can't keep up! Is the server overloaded? Running 10336ms or 206 ticks behind
[11:01:05] [Server thread/INFO]: [EatMyVenom: Teleported EatMyVenom to 1608.5, 63.0, 296.5]
[11:01:27] [Server thread/WARN]: Can't keep up! Is the server overloaded? Running 11085ms or 221 ticks behind
[11:01:30] [Server thread/INFO]: [EatMyVenom: Set own game mode to Spectator Mode]
[11:01:31] [Server thread/INFO]: [EatMyVenom: Set own game mode to Creative Mode]
[11:01:32] [Server thread/INFO]: [EatMyVenom: Set own game mode to Spectator Mode]
[11:01:46] [Server thread/INFO]: [EatMyVenom: Set own game mode to Creative Mode]
[11:01:55] [Server thread/WARN]: Can't keep up! Is the server overloaded? Running 13124ms or 262 ticks behind
[11:02:25] [Server thread/WARN]: Can't keep up! Is the server overloaded? Running 15529ms or 310 ticks behind
[11:02:56] [Server thread/WARN]: Can't keep up! Is the server overloaded? Running 15777ms or 315 ticks behind
[11:03:36] [Server thread/WARN]: Can't keep up! Is the server overloaded? Running 24922ms or 498 ticks behind
[11:04:13] [Server thread/WARN]: Can't keep up! Is the server overloaded? Running 21727ms or 434 ticks behind
[11:04:53] [Server thread/WARN]: Can't keep up! Is the server overloaded? Running 25223ms or 504 ticks behind
[11:05:37] [Server thread/WARN]: Can't keep up! Is the server overloaded? Running 29433ms or 588 ticks behind
[11:06:24] [Server thread/WARN]: Can't keep up! Is the server overloaded? Running 31468ms or 629 ticks behind
[11:06:31] [Server thread/INFO]: [EatMyVenom: Successfully filled 394 blocks]
[11:06:36] [Server thread/INFO]: [EatMyVenom: Successfully filled 244 blocks]
[11:06:40] [Server thread/INFO]: [EatMyVenom: Successfully filled 169 blocks]
[11:06:47] [Server thread/INFO]: [EatMyVenom: Successfully filled 30 blocks]
[11:07:05] [Server thread/WARN]: Can't keep up! Is the server overloaded? Running 26026ms or 520 ticks behind
[11:07:09] [Server thread/INFO]: [EatMyVenom: Successfully filled 40 blocks]
[11:07:44] [Server thread/WARN]: Can't keep up! Is the server overloaded? Running 24126ms or 482 ticks behind
[11:08:17] [Server thread/INFO]: [EatMyVenom: Successfully filled 7 blocks]
[11:08:19] [Server thread/INFO]: [EatMyVenom: Successfully filled 34 blocks]
[11:08:21] [Server thread/INFO]: [EatMyVenom: Successfully filled 127 blocks]
[11:08:21] [Server thread/WARN]: Can't keep up! Is the server overloaded? Running 22283ms or 445 ticks behind
[11:08:24] [Server thread/INFO]: [EatMyVenom: Successfully filled 214 blocks]
[11:08:28] [Server thread/INFO]: [EatMyVenom: Successfully filled 307 blocks]
[11:08:57] [Server thread/WARN]: Can't keep up! Is the server overloaded? Running 20865ms or 417 ticks behind
[11:09:32] [Server thread/WARN]: Can't keep up! Is the server overloaded? Running 19949ms or 398 ticks behind
[11:10:07] [Server thread/WARN]: Can't keep up! Is the server overloaded? Running 20562ms or 411 ticks behind
[11:10:39] [Server thread/WARN]: Can't keep up! Is the server overloaded? Running 17171ms or 343 ticks behind
[11:11:10] [Server thread/WARN]: Can't keep up! Is the server overloaded? Running 15898ms or 317 ticks behind
[11:11:41] [Server thread/WARN]: Can't keep up! Is the server overloaded? Running 15768ms or 315 ticks behind
[11:12:12] [Server thread/WARN]: Can't keep up! Is the server overloaded? Running 15486ms or 309 ticks behind
[11:12:42] [Server thread/WARN]: Can't keep up! Is the server overloaded? Running 15122ms or 302 ticks behind
[11:13:12] [Server thread/WARN]: Can't keep up! Is the server overloaded? Running 15399ms or 307 ticks behind
[11:13:42] [Server thread/WARN]: Can't keep up! Is the server overloaded? Running 15254ms or 305 ticks behind
[11:07:53] [Server thread/WARN]: Can't keep up! Is the server overloaded? Running 14856ms or 297 ticks behind
[11:08:23] [Server thread/WARN]: Can't keep up! Is the server overloaded? Running 15185ms or 303 ticks behind
[11:08:38] [Server thread/INFO]: [EatMyVenom: Successfully filled 5477 blocks]
[11:08:52] [Server thread/INFO]: [EatMyVenom: Successfully filled 3657 blocks]
[11:08:57] [Server thread/WARN]: Can't keep up! Is the server overloaded? Running 18873ms or 377 ticks behind
[11:09:28] [Server thread/WARN]: Can't keep up! Is the server overloaded? Running 15986ms or 319 ticks behind
[11:09:59] [Server thread/WARN]: Can't keep up! Is the server overloaded? Running 15606ms or 312 ticks behind
[11:10:29] [Server thread/WARN]: Can't keep up! Is the server overloaded? Running 15707ms or 314 ticks behind
[11:11:00] [Server thread/WARN]: Can't keep up! Is the server overloaded? Running 15742ms or 314 ticks behind
[11:11:30] [Server thread/WARN]: Can't keep up! Is the server overloaded? Running 15448ms or 308 ticks behind
[11:12:01] [Server thread/WARN]: Can't keep up! Is the server overloaded? Running 15333ms or 306 ticks behind
[11:12:31] [Server thread/WARN]: Can't keep up! Is the server overloaded? Running 15682ms or 313 ticks behind
[11:13:02] [Server thread/WARN]: Can't keep up! Is the server overloaded? Running 15364ms or 307 ticks behind
[11:13:32] [Server thread/WARN]: Can't keep up! Is the server overloaded? Running 15276ms or 305 ticks behind
[11:14:02] [Server thread/WARN]: Can't keep up! Is the server overloaded? Running 15426ms or 308 ticks behind
[11:14:33] [Server thread/WARN]: Can't keep up! Is the server overloaded? Running 15293ms or 305 ticks behind
[11:15:04] [Server thread/WARN]: Can't keep up! Is the server overloaded? Running 16012ms or 320 ticks behind
[11:15:35] [Server thread/WARN]: Can't keep up! Is the server overloaded? Running 16728ms or 334 ticks behind
[11:16:06] [Server thread/WARN]: Can't keep up! Is the server overloaded? Running 16178ms or 323 ticks behind
[11:16:37] [Server thread/WARN]: Can't keep up! Is the server overloaded? Running 16074ms or 321 ticks behind
[11:17:08] [Server thread/WARN]: Can't keep up! Is the server overloaded? Running 15974ms or 319 ticks behind
[11:17:39] [Server thread/WARN]: Can't keep up! Is the server overloaded? Running 15611ms or 312 ticks behind
[11:18:10] [Server thread/WARN]: Can't keep up! Is the server overloaded? Running 15805ms or 316 ticks behind
[11:18:40] [Server thread/WARN]: Can't keep up! Is the server overloaded? Running 15566ms or 311 ticks behind
[11:19:13] [Server thread/WARN]: Can't keep up! Is the server overloaded? Running 17287ms or 345 ticks behind
[11:19:43] [Server thread/WARN]: Can't keep up! Is the server overloaded? Running 15632ms or 312 ticks behind
[11:20:14] [Server thread/WARN]: Can't keep up! Is the server overloaded? Running 15301ms or 306 ticks behind
[11:20:44] [Server thread/WARN]: Can't keep up! Is the server overloaded? Running 15809ms or 316 ticks behind
[11:21:15] [Server thread/WARN]: Can't keep up! Is the server overloaded? Running 15219ms or 304 ticks behind
[11:21:45] [Server thread/WARN]: Can't keep up! Is the server overloaded? Running 15840ms or 316 ticks behind
[11:22:16] [Server thread/WARN]: Can't keep up! Is the server overloaded? Running 15708ms or 314 ticks behind
[11:22:46] [Server thread/WARN]: Can't keep up! Is the server overloaded? Running 15262ms or 305 ticks behind
[11:23:18] [Server thread/WARN]: Can't keep up! Is the server overloaded? Running 16512ms or 330 ticks behind
[11:23:49] [Server thread/WARN]: Can't keep up! Is the server overloaded? Running 16393ms or 327 ticks behind
[11:24:11] [Server thread/INFO]: [EatMyVenom: Successfully filled 442 blocks]
[11:24:20] [Server thread/WARN]: Can't keep up! Is the server overloaded? Running 15977ms or 319 ticks behind
[11:24:22] [Server thread/INFO]: [EatMyVenom: Successfully filled 234 blocks]
[11:24:29] [Server thread/INFO]: [EatMyVenom: Successfully filled 220 blocks]
[11:24:38] [Server thread/INFO]: [EatMyVenom: Successfully filled 55 blocks]
[11:24:47] [Server thread/INFO]: [EatMyVenom: Successfully filled 38 blocks]
[11:24:51] [Server thread/WARN]: Can't keep up! Is the server overloaded? Running 16218ms or 324 ticks behind
[11:24:58] [Server thread/INFO]: [EatMyVenom: Successfully filled 258 blocks]
[11:25:06] [Server thread/INFO]: [EatMyVenom: Successfully filled 100 blocks]
[11:25:16] [Server thread/INFO]: [EatMyVenom: Successfully filled 172 blocks]
[11:25:21] [Server thread/WARN]: Can't keep up! Is the server overloaded? Running 15049ms or 300 ticks behind
[11:25:22] [Server thread/INFO]: [EatMyVenom: Successfully filled 3943 blocks]
[11:25:52] [Server thread/WARN]: Can't keep up! Is the server overloaded? Running 15747ms or 314 ticks behind
[11:26:22] [Server thread/WARN]: Can't keep up! Is the server overloaded? Running 15349ms or 306 ticks behind
[11:26:53] [Server thread/WARN]: Can't keep up! Is the server overloaded? Running 15443ms or 308 ticks behind
[11:27:24] [Server thread/WARN]: Can't keep up! Is the server overloaded? Running 16461ms or 329 ticks behind
[11:27:56] [Server thread/WARN]: Can't keep up! Is the server overloaded? Running 16518ms or 330 ticks behind
[11:28:27] [Server thread/WARN]: Can't keep up! Is the server overloaded? Running 16155ms or 323 ticks behind
[11:28:58] [Server thread/WARN]: Can't keep up! Is the server overloaded? Running 15764ms or 315 ticks behind
[11:29:30] [Server thread/WARN]: Can't keep up! Is the server overloaded? Running 17705ms or 354 ticks behind
[11:30:01] [Server thread/WARN]: Can't keep up! Is the server overloaded? Running 16037ms or 320 ticks behind
[11:30:32] [Server thread/WARN]: Can't keep up! Is the server overloaded? Running 15918ms or 318 ticks behind
[11:31:03] [Server thread/WARN]: Can't keep up! Is the server overloaded? Running 15517ms or 310 ticks behind
[11:31:34] [Server thread/WARN]: Can't keep up! Is the server overloaded? Running 16159ms or 323 ticks behind
[11:32:05] [Server thread/WARN]: Can't keep up! Is the server overloaded? Running 16597ms or 331 ticks behind
[11:32:37] [Server thread/WARN]: Can't keep up! Is the server overloaded? Running 17050ms or 341 ticks behind
[11:33:09] [Server thread/WARN]: Can't keep up! Is the server overloaded? Running 16346ms or 326 ticks behind
[11:33:40] [Server thread/WARN]: Can't keep up! Is the server overloaded? Running 15951ms or 319 ticks behind
[11:34:11] [Server thread/WARN]: Can't keep up! Is the server overloaded? Running 16306ms or 326 ticks behind
[11:34:43] [Server thread/WARN]: Can't keep up! Is the server overloaded? Running 16624ms or 332 ticks behind
[11:35:14] [Server thread/WARN]: Can't keep up! Is the server overloaded? Running 16076ms or 321 ticks behind
[11:35:45] [Server thread/WARN]: Can't keep up! Is the server overloaded? Running 16439ms or 328 ticks behind
[11:36:16] [Server thread/WARN]: Can't keep up! Is the server overloaded? Running 16393ms or 327 ticks behind
[11:36:48] [Server thread/WARN]: Can't keep up! Is the server overloaded? Running 16830ms or 336 ticks behind
[11:37:20] [Server thread/WARN]: Can't keep up! Is the server overloaded? Running 17117ms or 342 ticks behind
[11:37:53] [Server thread/WARN]: Can't keep up! Is the server overloaded? Running 17694ms or 353 ticks behind
[11:38:25] [Server thread/WARN]: Can't keep up! Is the server overloaded? Running 17026ms or 340 ticks behind
[11:38:57] [Server thread/WARN]: Can't keep up! Is the server overloaded? Running 16950ms or 339 ticks behind
[11:39:28] [Server thread/WARN]: Can't keep up! Is the server overloaded? Running 16479ms or 329 ticks behind
[11:40:01] [Server thread/WARN]: Can't keep up! Is the server overloaded? Running 17711ms or 354 ticks behind
[11:40:32] [Server thread/WARN]: Can't keep up! Is the server overloaded? Running 15685ms or 313 ticks behind
[11:40:56] [Server thread/INFO]: EatMyVenom lost connection: Disconnected
[11:40:56] [Server thread/INFO]: EatMyVenom left the game
[11:41:02] [Server thread/WARN]: Can't keep up! Is the server overloaded? Running 15020ms or 300 ticks behind
